[0.010s] Invoking command in '/home/tom/AGV/dev_ws/build/robot_pkg': CMAKE_PREFIX_PATH=${CMAKE_PREFIX_PATH}:/opt/ros/humble /usr/bin/cmake /home/tom/AGV/dev_ws/src/robot_pkg -DCMAKE_INSTALL_PREFIX=/home/tom/AGV/dev_ws/install/robot_pkg
[0.176s] -- The C compiler identification is GNU 11.4.0
[0.339s] -- The CXX compiler identification is GNU 11.4.0
[0.369s] -- Detecting C compiler ABI info
[0.453s] -- Detecting C compiler ABI info - done
[0.458s] -- Check for working C compiler: /usr/bin/cc - skipped
[0.459s] -- Detecting C compile features
[0.461s] -- Detecting C compile features - done
[0.466s] -- Detecting CXX compiler ABI info
[0.570s] -- Detecting CXX compiler ABI info - done
[0.575s] -- Check for working CXX compiler: /usr/bin/c++ - skipped
[0.576s] -- Detecting CXX compile features
[0.576s] -- Detecting CXX compile features - done
[0.585s] -- Found ament_cmake: 1.3.9 (/opt/ros/humble/share/ament_cmake/cmake)
[0.732s] -- Found Python3: /usr/bin/python3 (found version "3.10.12") found components: Interpreter 
[0.850s] -- Found ament_lint_auto: 0.12.11 (/opt/ros/humble/share/ament_lint_auto/cmake)
[0.943s] -- Added test 'flake8' to check Python code syntax and style conventions
[0.945s] -- Added test 'lint_cmake' to check CMake code style
[0.947s] -- Added test 'pep257' to check Python code against some of the docstring style conventions in PEP 257
[0.954s] -- Added test 'xmllint' to check XML markup files
[0.962s] -- Configuring done
[0.966s] -- Generating done
[0.968s] -- Build files have been written to: /home/tom/AGV/dev_ws/build/robot_pkg
[0.973s] Invoked command in '/home/tom/AGV/dev_ws/build/robot_pkg' returned '0': CMAKE_PREFIX_PATH=${CMAKE_PREFIX_PATH}:/opt/ros/humble /usr/bin/cmake /home/tom/AGV/dev_ws/src/robot_pkg -DCMAKE_INSTALL_PREFIX=/home/tom/AGV/dev_ws/install/robot_pkg
[0.973s] Invoking command in '/home/tom/AGV/dev_ws/build/robot_pkg': CMAKE_PREFIX_PATH=${CMAKE_PREFIX_PATH}:/opt/ros/humble /usr/bin/cmake --build /home/tom/AGV/dev_ws/build/robot_pkg -- -j2 -l2
[1.012s] Invoked command in '/home/tom/AGV/dev_ws/build/robot_pkg' returned '0': CMAKE_PREFIX_PATH=${CMAKE_PREFIX_PATH}:/opt/ros/humble /usr/bin/cmake --build /home/tom/AGV/dev_ws/build/robot_pkg -- -j2 -l2
[1.053s] Invoking command in '/home/tom/AGV/dev_ws/build/robot_pkg': CMAKE_PREFIX_PATH=${CMAKE_PREFIX_PATH}:/opt/ros/humble /usr/bin/cmake --install /home/tom/AGV/dev_ws/build/robot_pkg
[1.062s] -- Install configuration: ""
[1.062s] -- Installing: /home/tom/AGV/dev_ws/install/robot_pkg/share/robot_pkg/launch
[1.062s] -- Installing: /home/tom/AGV/dev_ws/install/robot_pkg/share/robot_pkg/launch/gazebo.launch.py
[1.063s] -- Installing: /home/tom/AGV/dev_ws/install/robot_pkg/share/robot_pkg/model
[1.063s] -- Installing: /home/tom/AGV/dev_ws/install/robot_pkg/share/robot_pkg/model/AGV
[1.064s] -- Installing: /home/tom/AGV/dev_ws/install/robot_pkg/share/robot_pkg/model/AGV/config
[1.064s] -- Installing: /home/tom/AGV/dev_ws/install/robot_pkg/share/robot_pkg/model/AGV/config/joint_names_AGV.yaml
[1.065s] -- Installing: /home/tom/AGV/dev_ws/install/robot_pkg/share/robot_pkg/model/AGV/package.xml
[1.066s] -- Installing: /home/tom/AGV/dev_ws/install/robot_pkg/share/robot_pkg/model/AGV/worlds
[1.066s] -- Installing: /home/tom/AGV/dev_ws/install/robot_pkg/share/robot_pkg/model/AGV/worlds/empty.world
[1.067s] -- Installing: /home/tom/AGV/dev_ws/install/robot_pkg/share/robot_pkg/model/AGV/launch
[1.067s] -- Installing: /home/tom/AGV/dev_ws/install/robot_pkg/share/robot_pkg/model/AGV/launch/display.launch
[1.068s] -- Installing: /home/tom/AGV/dev_ws/install/robot_pkg/share/robot_pkg/model/AGV/launch/gazebo.launch
[1.069s] -- Installing: /home/tom/AGV/dev_ws/install/robot_pkg/share/robot_pkg/model/AGV/export.log
[1.070s] -- Installing: /home/tom/AGV/dev_ws/install/robot_pkg/share/robot_pkg/model/AGV/meshes
[1.071s] -- Installing: /home/tom/AGV/dev_ws/install/robot_pkg/share/robot_pkg/model/AGV/meshes/Wheel.STL
[1.081s] -- Installing: /home/tom/AGV/dev_ws/install/robot_pkg/share/robot_pkg/model/AGV/meshes/base_link.STL
[1.090s] -- Installing: /home/tom/AGV/dev_ws/install/robot_pkg/share/robot_pkg/model/AGV/urdf
[1.090s] -- Installing: /home/tom/AGV/dev_ws/install/robot_pkg/share/robot_pkg/model/AGV/urdf/AGV.csv
[1.090s] -- Installing: /home/tom/AGV/dev_ws/install/robot_pkg/share/robot_pkg/model/AGV/urdf/AGV.urdf
[1.090s] -- Installing: /home/tom/AGV/dev_ws/install/robot_pkg/share/robot_pkg/model/AGV/CMakeLists.txt
[1.091s] -- Installing: /home/tom/AGV/dev_ws/install/robot_pkg/share/robot_pkg/model/AGV/textures
[1.091s] -- Installing: /home/tom/AGV/dev_ws/install/robot_pkg/share/ament_index/resource_index/package_run_dependencies/robot_pkg
[1.091s] -- Installing: /home/tom/AGV/dev_ws/install/robot_pkg/share/ament_index/resource_index/parent_prefix_path/robot_pkg
[1.093s] -- Installing: /home/tom/AGV/dev_ws/install/robot_pkg/share/robot_pkg/environment/ament_prefix_path.sh
[1.093s] -- Installing: /home/tom/AGV/dev_ws/install/robot_pkg/share/robot_pkg/environment/ament_prefix_path.dsv
[1.093s] -- Installing: /home/tom/AGV/dev_ws/install/robot_pkg/share/robot_pkg/environment/path.sh
[1.093s] -- Installing: /home/tom/AGV/dev_ws/install/robot_pkg/share/robot_pkg/environment/path.dsv
[1.093s] -- Installing: /home/tom/AGV/dev_ws/install/robot_pkg/share/robot_pkg/local_setup.bash
[1.094s] -- Installing: /home/tom/AGV/dev_ws/install/robot_pkg/share/robot_pkg/local_setup.sh
[1.094s] -- Installing: /home/tom/AGV/dev_ws/install/robot_pkg/share/robot_pkg/local_setup.zsh
[1.094s] -- Installing: /home/tom/AGV/dev_ws/install/robot_pkg/share/robot_pkg/local_setup.dsv
[1.094s] -- Installing: /home/tom/AGV/dev_ws/install/robot_pkg/share/robot_pkg/package.dsv
[1.094s] -- Installing: /home/tom/AGV/dev_ws/install/robot_pkg/share/ament_index/resource_index/packages/robot_pkg
[1.094s] -- Installing: /home/tom/AGV/dev_ws/install/robot_pkg/share/robot_pkg/cmake/robot_pkgConfig.cmake
[1.094s] -- Installing: /home/tom/AGV/dev_ws/install/robot_pkg/share/robot_pkg/cmake/robot_pkgConfig-version.cmake
[1.094s] -- Installing: /home/tom/AGV/dev_ws/install/robot_pkg/share/robot_pkg/package.xml
[1.099s] Invoked command in '/home/tom/AGV/dev_ws/build/robot_pkg' returned '0': CMAKE_PREFIX_PATH=${CMAKE_PREFIX_PATH}:/opt/ros/humble /usr/bin/cmake --install /home/tom/AGV/dev_ws/build/robot_pkg
