-- Install configuration: ""
-- Up-to-date: /home/tom/AGV/dev_ws/install/robot_pkg/share/robot_pkg/launch
-- Up-to-date: /home/tom/AGV/dev_ws/install/robot_pkg/share/robot_pkg/launch/gazebo.launch.py
-- Up-to-date: /home/tom/AGV/dev_ws/install/robot_pkg/share/robot_pkg/model
-- Up-to-date: /home/tom/AGV/dev_ws/install/robot_pkg/share/robot_pkg/model/AGV
-- Up-to-date: /home/tom/AGV/dev_ws/install/robot_pkg/share/robot_pkg/model/AGV/config
-- Up-to-date: /home/tom/AGV/dev_ws/install/robot_pkg/share/robot_pkg/model/AGV/config/joint_names_AGV.yaml
-- Up-to-date: /home/tom/AGV/dev_ws/install/robot_pkg/share/robot_pkg/model/AGV/package.xml
-- Up-to-date: /home/tom/AGV/dev_ws/install/robot_pkg/share/robot_pkg/model/AGV/worlds
-- Installing: /home/tom/AGV/dev_ws/install/robot_pkg/share/robot_pkg/model/AGV/worlds/empty.world
-- Up-to-date: /home/tom/AGV/dev_ws/install/robot_pkg/share/robot_pkg/model/AGV/launch
-- Up-to-date: /home/tom/AGV/dev_ws/install/robot_pkg/share/robot_pkg/model/AGV/launch/display.launch
-- Up-to-date: /home/tom/AGV/dev_ws/install/robot_pkg/share/robot_pkg/model/AGV/launch/gazebo.launch
-- Up-to-date: /home/tom/AGV/dev_ws/install/robot_pkg/share/robot_pkg/model/AGV/export.log
-- Up-to-date: /home/tom/AGV/dev_ws/install/robot_pkg/share/robot_pkg/model/AGV/meshes
-- Up-to-date: /home/tom/AGV/dev_ws/install/robot_pkg/share/robot_pkg/model/AGV/meshes/Wheel.STL
-- Up-to-date: /home/tom/AGV/dev_ws/install/robot_pkg/share/robot_pkg/model/AGV/meshes/base_link.STL
-- Up-to-date: /home/tom/AGV/dev_ws/install/robot_pkg/share/robot_pkg/model/AGV/urdf
-- Up-to-date: /home/tom/AGV/dev_ws/install/robot_pkg/share/robot_pkg/model/AGV/urdf/AGV.csv
-- Installing: /home/tom/AGV/dev_ws/install/robot_pkg/share/robot_pkg/model/AGV/urdf/AGV.urdf
-- Up-to-date: /home/tom/AGV/dev_ws/install/robot_pkg/share/robot_pkg/model/AGV/CMakeLists.txt
-- Up-to-date: /home/tom/AGV/dev_ws/install/robot_pkg/share/robot_pkg/model/AGV/textures
-- Up-to-date: /home/tom/AGV/dev_ws/install/robot_pkg/share/ament_index/resource_index/package_run_dependencies/robot_pkg
-- Up-to-date: /home/tom/AGV/dev_ws/install/robot_pkg/share/ament_index/resource_index/parent_prefix_path/robot_pkg
-- Up-to-date: /home/tom/AGV/dev_ws/install/robot_pkg/share/robot_pkg/environment/ament_prefix_path.sh
-- Up-to-date: /home/tom/AGV/dev_ws/install/robot_pkg/share/robot_pkg/environment/ament_prefix_path.dsv
-- Up-to-date: /home/tom/AGV/dev_ws/install/robot_pkg/share/robot_pkg/environment/path.sh
-- Up-to-date: /home/tom/AGV/dev_ws/install/robot_pkg/share/robot_pkg/environment/path.dsv
-- Up-to-date: /home/tom/AGV/dev_ws/install/robot_pkg/share/robot_pkg/local_setup.bash
-- Up-to-date: /home/tom/AGV/dev_ws/install/robot_pkg/share/robot_pkg/local_setup.sh
-- Up-to-date: /home/tom/AGV/dev_ws/install/robot_pkg/share/robot_pkg/local_setup.zsh
-- Up-to-date: /home/tom/AGV/dev_ws/install/robot_pkg/share/robot_pkg/local_setup.dsv
-- Up-to-date: /home/tom/AGV/dev_ws/install/robot_pkg/share/robot_pkg/package.dsv
-- Up-to-date: /home/tom/AGV/dev_ws/install/robot_pkg/share/ament_index/resource_index/packages/robot_pkg
-- Up-to-date: /home/tom/AGV/dev_ws/install/robot_pkg/share/robot_pkg/cmake/robot_pkgConfig.cmake
-- Up-to-date: /home/tom/AGV/dev_ws/install/robot_pkg/share/robot_pkg/cmake/robot_pkgConfig-version.cmake
-- Up-to-date: /home/tom/AGV/dev_ws/install/robot_pkg/share/robot_pkg/package.xml
