[0.012s] Invoking command in '/home/tom/AGV/dev_ws/build/robot_pkg': CMAKE_PREFIX_PATH=${CMAKE_PREFIX_PATH}:/opt/ros/humble /usr/bin/cmake --build /home/tom/AGV/dev_ws/build/robot_pkg -- -j2 -l2
[0.060s] Invoked command in '/home/tom/AGV/dev_ws/build/robot_pkg' returned '0': CMAKE_PREFIX_PATH=${CMAKE_PREFIX_PATH}:/opt/ros/humble /usr/bin/cmake --build /home/tom/AGV/dev_ws/build/robot_pkg -- -j2 -l2
[0.100s] Invoking command in '/home/tom/AGV/dev_ws/build/robot_pkg': CMAKE_PREFIX_PATH=${CMAKE_PREFIX_PATH}:/opt/ros/humble /usr/bin/cmake --install /home/tom/AGV/dev_ws/build/robot_pkg
[0.108s] -- Install configuration: ""
[0.109s] -- Up-to-date: /home/tom/AGV/dev_ws/install/robot_pkg/share/robot_pkg/launch
[0.109s] -- Up-to-date: /home/tom/AGV/dev_ws/install/robot_pkg/share/robot_pkg/launch/gazebo.launch.py
[0.110s] -- Up-to-date: /home/tom/AGV/dev_ws/install/robot_pkg/share/robot_pkg/model
[0.110s] -- Up-to-date: /home/tom/AGV/dev_ws/install/robot_pkg/share/robot_pkg/model/AGV
[0.110s] -- Up-to-date: /home/tom/AGV/dev_ws/install/robot_pkg/share/robot_pkg/model/AGV/config
[0.112s] -- Up-to-date: /home/tom/AGV/dev_ws/install/robot_pkg/share/robot_pkg/model/AGV/config/joint_names_AGV.yaml
[0.112s] -- Up-to-date: /home/tom/AGV/dev_ws/install/robot_pkg/share/robot_pkg/model/AGV/package.xml
[0.112s] -- Up-to-date: /home/tom/AGV/dev_ws/install/robot_pkg/share/robot_pkg/model/AGV/worlds
[0.112s] -- Installing: /home/tom/AGV/dev_ws/install/robot_pkg/share/robot_pkg/model/AGV/worlds/empty.world
[0.115s] -- Up-to-date: /home/tom/AGV/dev_ws/install/robot_pkg/share/robot_pkg/model/AGV/launch
[0.116s] -- Up-to-date: /home/tom/AGV/dev_ws/install/robot_pkg/share/robot_pkg/model/AGV/launch/display.launch
[0.116s] -- Up-to-date: /home/tom/AGV/dev_ws/install/robot_pkg/share/robot_pkg/model/AGV/launch/gazebo.launch
[0.116s] -- Up-to-date: /home/tom/AGV/dev_ws/install/robot_pkg/share/robot_pkg/model/AGV/export.log
[0.116s] -- Up-to-date: /home/tom/AGV/dev_ws/install/robot_pkg/share/robot_pkg/model/AGV/meshes
[0.116s] -- Up-to-date: /home/tom/AGV/dev_ws/install/robot_pkg/share/robot_pkg/model/AGV/meshes/Wheel.STL
[0.116s] -- Up-to-date: /home/tom/AGV/dev_ws/install/robot_pkg/share/robot_pkg/model/AGV/meshes/base_link.STL
[0.116s] -- Up-to-date: /home/tom/AGV/dev_ws/install/robot_pkg/share/robot_pkg/model/AGV/urdf
[0.116s] -- Up-to-date: /home/tom/AGV/dev_ws/install/robot_pkg/share/robot_pkg/model/AGV/urdf/AGV.csv
[0.116s] -- Installing: /home/tom/AGV/dev_ws/install/robot_pkg/share/robot_pkg/model/AGV/urdf/AGV.urdf
[0.116s] -- Up-to-date: /home/tom/AGV/dev_ws/install/robot_pkg/share/robot_pkg/model/AGV/CMakeLists.txt
[0.116s] -- Up-to-date: /home/tom/AGV/dev_ws/install/robot_pkg/share/robot_pkg/model/AGV/textures
[0.116s] -- Up-to-date: /home/tom/AGV/dev_ws/install/robot_pkg/share/ament_index/resource_index/package_run_dependencies/robot_pkg
[0.116s] -- Up-to-date: /home/tom/AGV/dev_ws/install/robot_pkg/share/ament_index/resource_index/parent_prefix_path/robot_pkg
[0.117s] -- Up-to-date: /home/tom/AGV/dev_ws/install/robot_pkg/share/robot_pkg/environment/ament_prefix_path.sh
[0.117s] -- Up-to-date: /home/tom/AGV/dev_ws/install/robot_pkg/share/robot_pkg/environment/ament_prefix_path.dsv
[0.117s] -- Up-to-date: /home/tom/AGV/dev_ws/install/robot_pkg/share/robot_pkg/environment/path.sh
[0.117s] -- Up-to-date: /home/tom/AGV/dev_ws/install/robot_pkg/share/robot_pkg/environment/path.dsv
[0.117s] -- Up-to-date: /home/tom/AGV/dev_ws/install/robot_pkg/share/robot_pkg/local_setup.bash
[0.117s] -- Up-to-date: /home/tom/AGV/dev_ws/install/robot_pkg/share/robot_pkg/local_setup.sh
[0.117s] -- Up-to-date: /home/tom/AGV/dev_ws/install/robot_pkg/share/robot_pkg/local_setup.zsh
[0.117s] -- Up-to-date: /home/tom/AGV/dev_ws/install/robot_pkg/share/robot_pkg/local_setup.dsv
[0.117s] -- Up-to-date: /home/tom/AGV/dev_ws/install/robot_pkg/share/robot_pkg/package.dsv
[0.117s] -- Up-to-date: /home/tom/AGV/dev_ws/install/robot_pkg/share/ament_index/resource_index/packages/robot_pkg
[0.117s] -- Up-to-date: /home/tom/AGV/dev_ws/install/robot_pkg/share/robot_pkg/cmake/robot_pkgConfig.cmake
[0.117s] -- Up-to-date: /home/tom/AGV/dev_ws/install/robot_pkg/share/robot_pkg/cmake/robot_pkgConfig-version.cmake
[0.117s] -- Up-to-date: /home/tom/AGV/dev_ws/install/robot_pkg/share/robot_pkg/package.xml
[0.125s] Invoked command in '/home/tom/AGV/dev_ws/build/robot_pkg' returned '0': CMAKE_PREFIX_PATH=${CMAKE_PREFIX_PATH}:/opt/ros/humble /usr/bin/cmake --install /home/tom/AGV/dev_ws/build/robot_pkg
