[0.010s] Invoking command in '/home/tom/AGV/dev_ws/build/robot_pkg': CMAKE_PREFIX_PATH=${CMAKE_PREFIX_PATH}:/opt/ros/humble /usr/bin/cmake /home/tom/AGV/dev_ws/src/robot_pkg -DCMAKE_INSTALL_PREFIX=/home/tom/AGV/dev_ws/install/robot_pkg
[0.071s] -- The C compiler identification is GNU 11.4.0
[0.124s] -- The CXX compiler identification is GNU 11.4.0
[0.132s] -- Detecting C compiler ABI info
[0.208s] -- Detecting C compiler ABI info - done
[0.214s] -- Check for working C compiler: /usr/bin/cc - skipped
[0.214s] -- Detecting C compile features
[0.215s] -- Detecting C compile features - done
[0.217s] -- Detecting CXX compiler ABI info
[0.303s] -- Detecting CXX compiler ABI info - done
[0.308s] -- Check for working CXX compiler: /usr/bin/c++ - skipped
[0.308s] -- Detecting CXX compile features
[0.309s] -- Detecting CXX compile features - done
[0.311s] -- Found ament_cmake: 1.3.9 (/opt/ros/humble/share/ament_cmake/cmake)
[0.459s] -- Found Python3: /usr/bin/python3 (found version "3.10.12") found components: Interpreter 
[0.535s] -- Found ament_lint_auto: 0.12.11 (/opt/ros/humble/share/ament_lint_auto/cmake)
[0.604s] -- Added test 'flake8' to check Python code syntax and style conventions
[0.607s] -- Added test 'lint_cmake' to check CMake code style
[0.608s] -- Added test 'pep257' to check Python code against some of the docstring style conventions in PEP 257
[0.614s] -- Added test 'xmllint' to check XML markup files
[0.618s] -- Configuring done
[0.618s] -- Generating done
[0.619s] -- Build files have been written to: /home/tom/AGV/dev_ws/build/robot_pkg
[0.624s] Invoked command in '/home/tom/AGV/dev_ws/build/robot_pkg' returned '0': CMAKE_PREFIX_PATH=${CMAKE_PREFIX_PATH}:/opt/ros/humble /usr/bin/cmake /home/tom/AGV/dev_ws/src/robot_pkg -DCMAKE_INSTALL_PREFIX=/home/tom/AGV/dev_ws/install/robot_pkg
[0.625s] Invoking command in '/home/tom/AGV/dev_ws/build/robot_pkg': CMAKE_PREFIX_PATH=${CMAKE_PREFIX_PATH}:/opt/ros/humble /usr/bin/cmake --build /home/tom/AGV/dev_ws/build/robot_pkg -- -j2 -l2
[0.666s] Invoked command in '/home/tom/AGV/dev_ws/build/robot_pkg' returned '0': CMAKE_PREFIX_PATH=${CMAKE_PREFIX_PATH}:/opt/ros/humble /usr/bin/cmake --build /home/tom/AGV/dev_ws/build/robot_pkg -- -j2 -l2
[0.706s] Invoking command in '/home/tom/AGV/dev_ws/build/robot_pkg': CMAKE_PREFIX_PATH=${CMAKE_PREFIX_PATH}:/opt/ros/humble /usr/bin/cmake --install /home/tom/AGV/dev_ws/build/robot_pkg
[0.714s] -- Install configuration: ""
[0.714s] -- Installing: /home/tom/AGV/dev_ws/install/robot_pkg/share/robot_pkg/launch
[0.715s] -- Installing: /home/tom/AGV/dev_ws/install/robot_pkg/share/robot_pkg/launch/gazebo.launch.py
[0.715s] -- Installing: /home/tom/AGV/dev_ws/install/robot_pkg/share/robot_pkg/model
[0.715s] -- Installing: /home/tom/AGV/dev_ws/install/robot_pkg/share/robot_pkg/model/robot_core.xacro
[0.715s] -- Installing: /home/tom/AGV/dev_ws/install/robot_pkg/share/robot_pkg/model/inertial_macros.xacro
[0.715s] -- Installing: /home/tom/AGV/dev_ws/install/robot_pkg/share/robot_pkg/model/robot.urdf.xacro
[0.716s] -- Installing: /home/tom/AGV/dev_ws/install/robot_pkg/share/ament_index/resource_index/package_run_dependencies/robot_pkg
[0.716s] -- Installing: /home/tom/AGV/dev_ws/install/robot_pkg/share/ament_index/resource_index/parent_prefix_path/robot_pkg
[0.717s] -- Installing: /home/tom/AGV/dev_ws/install/robot_pkg/share/robot_pkg/environment/ament_prefix_path.sh
[0.717s] -- Installing: /home/tom/AGV/dev_ws/install/robot_pkg/share/robot_pkg/environment/ament_prefix_path.dsv
[0.717s] -- Installing: /home/tom/AGV/dev_ws/install/robot_pkg/share/robot_pkg/environment/path.sh
[0.717s] -- Installing: /home/tom/AGV/dev_ws/install/robot_pkg/share/robot_pkg/environment/path.dsv
[0.717s] -- Installing: /home/tom/AGV/dev_ws/install/robot_pkg/share/robot_pkg/local_setup.bash
[0.718s] -- Installing: /home/tom/AGV/dev_ws/install/robot_pkg/share/robot_pkg/local_setup.sh
[0.718s] -- Installing: /home/tom/AGV/dev_ws/install/robot_pkg/share/robot_pkg/local_setup.zsh
[0.718s] -- Installing: /home/tom/AGV/dev_ws/install/robot_pkg/share/robot_pkg/local_setup.dsv
[0.718s] -- Installing: /home/tom/AGV/dev_ws/install/robot_pkg/share/robot_pkg/package.dsv
[0.719s] -- Installing: /home/tom/AGV/dev_ws/install/robot_pkg/share/ament_index/resource_index/packages/robot_pkg
[0.719s] -- Installing: /home/tom/AGV/dev_ws/install/robot_pkg/share/robot_pkg/cmake/robot_pkgConfig.cmake
[0.719s] -- Installing: /home/tom/AGV/dev_ws/install/robot_pkg/share/robot_pkg/cmake/robot_pkgConfig-version.cmake
[0.720s] -- Installing: /home/tom/AGV/dev_ws/install/robot_pkg/share/robot_pkg/package.xml
[0.722s] Invoked command in '/home/tom/AGV/dev_ws/build/robot_pkg' returned '0': CMAKE_PREFIX_PATH=${CMAKE_PREFIX_PATH}:/opt/ros/humble /usr/bin/cmake --install /home/tom/AGV/dev_ws/build/robot_pkg
