[0.012s] Invoking command in '/home/tom/AGV/dev_ws/build/robot_pkg': CMAKE_PREFIX_PATH=/opt/ros/humble /usr/bin/cmake /home/tom/AGV/dev_ws/src/robot_pkg -DAMENT_CMAKE_SYMLINK_INSTALL=1 -DCMAKE_INSTALL_PREFIX=/home/tom/AGV/dev_ws/install/robot_pkg
[0.236s] -- The C compiler identification is GNU 11.4.0
[0.360s] -- The CXX compiler identification is GNU 11.4.0
[0.385s] -- Detecting C compiler ABI info
[0.483s] -- Detecting C compiler ABI info - done
[0.489s] -- Check for working C compiler: /usr/bin/cc - skipped
[0.490s] -- Detecting C compile features
[0.492s] -- Detecting C compile features - done
[0.499s] -- Detecting CXX compiler ABI info
[0.592s] -- Detecting CXX compiler ABI info - done
[0.597s] -- Check for working CXX compiler: /usr/bin/c++ - skipped
[0.597s] -- Detecting CXX compile features
[0.598s] -- Detecting CXX compile features - done
[0.614s] -- Found ament_cmake: 1.3.9 (/opt/ros/humble/share/ament_cmake/cmake)
[0.762s] -- Found Python3: /usr/bin/python3 (found version "3.10.12") found components: Interpreter 
[0.833s] -- Override CMake install command with custom implementation using symlinks instead of copying resources
[0.891s] -- Found ament_lint_auto: 0.12.11 (/opt/ros/humble/share/ament_lint_auto/cmake)
[0.976s] -- Added test 'flake8' to check Python code syntax and style conventions
[0.977s] -- Added test 'lint_cmake' to check CMake code style
[0.978s] -- Added test 'pep257' to check Python code against some of the docstring style conventions in PEP 257
[0.979s] -- Added test 'xmllint' to check XML markup files
[0.982s] -- Configuring done
[0.984s] -- Generating done
[0.985s] -- Build files have been written to: /home/tom/AGV/dev_ws/build/robot_pkg
[0.990s] Invoked command in '/home/tom/AGV/dev_ws/build/robot_pkg' returned '0': CMAKE_PREFIX_PATH=/opt/ros/humble /usr/bin/cmake /home/tom/AGV/dev_ws/src/robot_pkg -DAMENT_CMAKE_SYMLINK_INSTALL=1 -DCMAKE_INSTALL_PREFIX=/home/tom/AGV/dev_ws/install/robot_pkg
[0.990s] Invoking command in '/home/tom/AGV/dev_ws/build/robot_pkg': CMAKE_PREFIX_PATH=/opt/ros/humble /usr/bin/cmake --build /home/tom/AGV/dev_ws/build/robot_pkg -- -j2 -l2
[1.030s] Invoked command in '/home/tom/AGV/dev_ws/build/robot_pkg' returned '0': CMAKE_PREFIX_PATH=/opt/ros/humble /usr/bin/cmake --build /home/tom/AGV/dev_ws/build/robot_pkg -- -j2 -l2
[1.070s] Invoking command in '/home/tom/AGV/dev_ws/build/robot_pkg': CMAKE_PREFIX_PATH=/opt/ros/humble /usr/bin/cmake --install /home/tom/AGV/dev_ws/build/robot_pkg
[1.080s] -- Install configuration: ""
[1.081s] -- Execute custom install script
[1.081s] -- Symlinking: /home/tom/AGV/dev_ws/install/robot_pkg/share/ament_index/resource_index/package_run_dependencies/robot_pkg
[1.087s] -- Symlinking: /home/tom/AGV/dev_ws/install/robot_pkg/share/ament_index/resource_index/parent_prefix_path/robot_pkg
[1.096s] -- Symlinking: /home/tom/AGV/dev_ws/install/robot_pkg/share/robot_pkg/environment/ament_prefix_path.sh
[1.104s] -- Symlinking: /home/tom/AGV/dev_ws/install/robot_pkg/share/robot_pkg/environment/ament_prefix_path.dsv
[1.113s] -- Symlinking: /home/tom/AGV/dev_ws/install/robot_pkg/share/robot_pkg/environment/path.sh
[1.121s] -- Symlinking: /home/tom/AGV/dev_ws/install/robot_pkg/share/robot_pkg/environment/path.dsv
[1.132s] -- Symlinking: /home/tom/AGV/dev_ws/install/robot_pkg/share/robot_pkg/local_setup.bash
[1.142s] -- Symlinking: /home/tom/AGV/dev_ws/install/robot_pkg/share/robot_pkg/local_setup.sh
[1.150s] -- Symlinking: /home/tom/AGV/dev_ws/install/robot_pkg/share/robot_pkg/local_setup.zsh
[1.158s] -- Symlinking: /home/tom/AGV/dev_ws/install/robot_pkg/share/robot_pkg/local_setup.dsv
[1.167s] -- Symlinking: /home/tom/AGV/dev_ws/install/robot_pkg/share/robot_pkg/package.dsv
[1.175s] -- Symlinking: /home/tom/AGV/dev_ws/install/robot_pkg/share/ament_index/resource_index/packages/robot_pkg
[1.184s] -- Symlinking: /home/tom/AGV/dev_ws/install/robot_pkg/share/robot_pkg/cmake/robot_pkgConfig.cmake
[1.191s] -- Symlinking: /home/tom/AGV/dev_ws/install/robot_pkg/share/robot_pkg/cmake/robot_pkgConfig-version.cmake
[1.200s] -- Symlinking: /home/tom/AGV/dev_ws/install/robot_pkg/share/robot_pkg/package.xml
[1.210s] Invoked command in '/home/tom/AGV/dev_ws/build/robot_pkg' returned '0': CMAKE_PREFIX_PATH=/opt/ros/humble /usr/bin/cmake --install /home/tom/AGV/dev_ws/build/robot_pkg
