[0.030s] Invoking command in '/home/tom/AGV/dev_ws/build/robot_pkg': CMAKE_PREFIX_PATH=/opt/ros/humble /usr/bin/cmake /home/tom/AGV/dev_ws/src/robot_pkg -DCMAKE_INSTALL_PREFIX=/home/tom/AGV/dev_ws/install/robot_pkg
[0.092s] -- Found ament_cmake: 1.3.9 (/opt/ros/humble/share/ament_cmake/cmake)
[0.279s] -- Override CMake install command with custom implementation using symlinks instead of copying resources
[0.317s] -- Found ament_lint_auto: 0.12.11 (/opt/ros/humble/share/ament_lint_auto/cmake)
[0.433s] -- Added test 'lint_cmake' to check CMake code style
[0.441s] -- Added test 'xmllint' to check XML markup files
[0.445s] -- Configuring done
[0.458s] -- Generating done
[0.459s] -- Build files have been written to: /home/tom/AGV/dev_ws/build/robot_pkg
[0.459s] Invoked command in '/home/tom/AGV/dev_ws/build/robot_pkg' returned '0': CMAKE_PREFIX_PATH=/opt/ros/humble /usr/bin/cmake /home/tom/AGV/dev_ws/src/robot_pkg -DCMAKE_INSTALL_PREFIX=/home/tom/AGV/dev_ws/install/robot_pkg
[0.460s] Invoking command in '/home/tom/AGV/dev_ws/build/robot_pkg': CMAKE_PREFIX_PATH=/opt/ros/humble /usr/bin/cmake --build /home/tom/AGV/dev_ws/build/robot_pkg -- -j2 -l2
[0.520s] Invoked command in '/home/tom/AGV/dev_ws/build/robot_pkg' returned '0': CMAKE_PREFIX_PATH=/opt/ros/humble /usr/bin/cmake --build /home/tom/AGV/dev_ws/build/robot_pkg -- -j2 -l2
[0.573s] Invoking command in '/home/tom/AGV/dev_ws/build/robot_pkg': CMAKE_PREFIX_PATH=/opt/ros/humble /usr/bin/cmake --install /home/tom/AGV/dev_ws/build/robot_pkg
[0.590s] -- Install configuration: ""
[0.593s] -- Execute custom install script
[0.594s] -- Up-to-date symlink: /home/tom/AGV/dev_ws/install/robot_pkg/share/ament_index/resource_index/package_run_dependencies/robot_pkg
[0.594s] -- Up-to-date symlink: /home/tom/AGV/dev_ws/install/robot_pkg/share/ament_index/resource_index/parent_prefix_path/robot_pkg
[0.594s] -- Up-to-date symlink: /home/tom/AGV/dev_ws/install/robot_pkg/share/robot_pkg/environment/ament_prefix_path.sh
[0.594s] -- Up-to-date symlink: /home/tom/AGV/dev_ws/install/robot_pkg/share/robot_pkg/environment/ament_prefix_path.dsv
[0.594s] -- Up-to-date symlink: /home/tom/AGV/dev_ws/install/robot_pkg/share/robot_pkg/environment/path.sh
[0.594s] -- Up-to-date symlink: /home/tom/AGV/dev_ws/install/robot_pkg/share/robot_pkg/environment/path.dsv
[0.594s] -- Up-to-date symlink: /home/tom/AGV/dev_ws/install/robot_pkg/share/robot_pkg/local_setup.bash
[0.595s] -- Up-to-date symlink: /home/tom/AGV/dev_ws/install/robot_pkg/share/robot_pkg/local_setup.sh
[0.595s] -- Up-to-date symlink: /home/tom/AGV/dev_ws/install/robot_pkg/share/robot_pkg/local_setup.zsh
[0.595s] -- Up-to-date symlink: /home/tom/AGV/dev_ws/install/robot_pkg/share/robot_pkg/local_setup.dsv
[0.595s] -- Symlinking: /home/tom/AGV/dev_ws/install/robot_pkg/share/robot_pkg/package.dsv
[0.611s] -- Up-to-date symlink: /home/tom/AGV/dev_ws/install/robot_pkg/share/ament_index/resource_index/packages/robot_pkg
[0.612s] -- Up-to-date symlink: /home/tom/AGV/dev_ws/install/robot_pkg/share/robot_pkg/cmake/robot_pkgConfig.cmake
[0.612s] -- Up-to-date symlink: /home/tom/AGV/dev_ws/install/robot_pkg/share/robot_pkg/cmake/robot_pkgConfig-version.cmake
[0.612s] -- Up-to-date symlink: /home/tom/AGV/dev_ws/install/robot_pkg/share/robot_pkg/package.xml
[0.619s] Invoked command in '/home/tom/AGV/dev_ws/build/robot_pkg' returned '0': CMAKE_PREFIX_PATH=/opt/ros/humble /usr/bin/cmake --install /home/tom/AGV/dev_ws/build/robot_pkg
